{"/Users/rishi/Hrishikesh Docs/Archive_documents/Independent study /motif-based-graph-compression/motif-react-app/src/components/common/LoadingSpinner.jsx": {"path":"/Users/rishi/Hrishikesh Docs/Archive_documents/Independent study /motif-based-graph-compression/motif-react-app/src/components/common/LoadingSpinner.jsx","statementMap":{"0":{"start":{"line":2,"column":2},"end":{"line":25,"column":null}}},"fnMap":{"0":{"name":"LoadingSpinner","decl":{"start":{"line":1,"column":24},"end":{"line":1,"column":39}},"loc":{"start":{"line":1,"column":67},"end":{"line":25,"column":null}},"line":1}},"branchMap":{"0":{"loc":{"start":{"line":1,"column":41},"end":{"line":1,"column":67}},"type":"default-arg","locations":[{"start":{"line":1,"column":51},"end":{"line":1,"column":67}}],"line":1}},"s":{"0":5},"f":{"0":5},"b":{"0":[5]},"meta":{"lastBranch":1,"lastFunction":1,"lastStatement":1,"seen":{"f:1:24:1:39":0,"b:1:51:1:67":0,"s:2:2:25:Infinity":0}}}
,"/Users/rishi/Hrishikesh Docs/Archive_documents/Independent study /motif-based-graph-compression/motif-react-app/src/components/common/MotifCard.jsx": {"path":"/Users/rishi/Hrishikesh Docs/Archive_documents/Independent study /motif-based-graph-compression/motif-react-app/src/components/common/MotifCard.jsx","statementMap":{"0":{"start":{"line":4,"column":8},"end":{"line":8,"column":null}},"1":{"start":{"line":5,"column":4},"end":{"line":5,"column":null}},"2":{"start":{"line":5,"column":25},"end":{"line":5,"column":null}},"3":{"start":{"line":6,"column":4},"end":{"line":6,"column":null}},"4":{"start":{"line":6,"column":25},"end":{"line":6,"column":null}},"5":{"start":{"line":7,"column":4},"end":{"line":7,"column":null}},"6":{"start":{"line":7,"column":25},"end":{"line":7,"column":null}},"7":{"start":{"line":8,"column":4},"end":{"line":8,"column":null}},"8":{"start":{"line":11,"column":8},"end":{"line":15,"column":null}},"9":{"start":{"line":12,"column":4},"end":{"line":12,"column":null}},"10":{"start":{"line":12,"column":25},"end":{"line":12,"column":null}},"11":{"start":{"line":13,"column":4},"end":{"line":13,"column":null}},"12":{"start":{"line":13,"column":25},"end":{"line":13,"column":null}},"13":{"start":{"line":14,"column":4},"end":{"line":14,"column":null}},"14":{"start":{"line":14,"column":25},"end":{"line":14,"column":null}},"15":{"start":{"line":15,"column":4},"end":{"line":15,"column":null}},"16":{"start":{"line":18,"column":2},"end":{"line":112,"column":null}},"17":{"start":{"line":21,"column":21},"end":{"line":21,"column":36}},"18":{"start":{"line":32,"column":8},"end":{"line":32,"column":null}},"19":{"start":{"line":33,"column":8},"end":{"line":33,"column":null}},"20":{"start":{"line":36,"column":8},"end":{"line":36,"column":null}},"21":{"start":{"line":37,"column":8},"end":{"line":37,"column":null}}},"fnMap":{"0":{"name":"MotifCard","decl":{"start":{"line":3,"column":24},"end":{"line":3,"column":34}},"loc":{"start":{"line":3,"column":67},"end":{"line":112,"column":null}},"line":3},"1":{"name":"(anonymous_1)","decl":{"start":{"line":4,"column":8},"end":{"line":4,"column":24}},"loc":{"start":{"line":4,"column":38},"end":{"line":8,"column":null}},"line":4},"2":{"name":"(anonymous_2)","decl":{"start":{"line":11,"column":8},"end":{"line":11,"column":24}},"loc":{"start":{"line":11,"column":38},"end":{"line":15,"column":null}},"line":11},"3":{"name":"(anonymous_3)","decl":{"start":{"line":21,"column":6},"end":{"line":21,"column":21}},"loc":{"start":{"line":21,"column":21},"end":{"line":21,"column":36}},"line":21},"4":{"name":"(anonymous_4)","decl":{"start":{"line":31,"column":6},"end":{"line":31,"column":21}},"loc":{"start":{"line":31,"column":27},"end":{"line":33,"column":null}},"line":31},"5":{"name":"(anonymous_5)","decl":{"start":{"line":35,"column":6},"end":{"line":35,"column":21}},"loc":{"start":{"line":35,"column":27},"end":{"line":37,"column":null}},"line":35}},"branchMap":{"0":{"loc":{"start":{"line":5,"column":4},"end":{"line":5,"column":null}},"type":"if","locations":[{"start":{"line":5,"column":4},"end":{"line":5,"column":null}},{"start":{},"end":{}}],"line":5},"1":{"loc":{"start":{"line":6,"column":4},"end":{"line":6,"column":null}},"type":"if","locations":[{"start":{"line":6,"column":4},"end":{"line":6,"column":null}},{"start":{},"end":{}}],"line":6},"2":{"loc":{"start":{"line":7,"column":4},"end":{"line":7,"column":null}},"type":"if","locations":[{"start":{"line":7,"column":4},"end":{"line":7,"column":null}},{"start":{},"end":{}}],"line":7},"3":{"loc":{"start":{"line":12,"column":4},"end":{"line":12,"column":null}},"type":"if","locations":[{"start":{"line":12,"column":4},"end":{"line":12,"column":null}},{"start":{},"end":{}}],"line":12},"4":{"loc":{"start":{"line":13,"column":4},"end":{"line":13,"column":null}},"type":"if","locations":[{"start":{"line":13,"column":4},"end":{"line":13,"column":null}},{"start":{},"end":{}}],"line":13},"5":{"loc":{"start":{"line":14,"column":4},"end":{"line":14,"column":null}},"type":"if","locations":[{"start":{"line":14,"column":4},"end":{"line":14,"column":null}},{"start":{},"end":{}}],"line":14},"6":{"loc":{"start":{"line":27,"column":16},"end":{"line":27,"column":null}},"type":"cond-expr","locations":[{"start":{"line":27,"column":29},"end":{"line":27,"column":51}},{"start":{"line":27,"column":51},"end":{"line":27,"column":null}}],"line":27},"7":{"loc":{"start":{"line":40,"column":7},"end":{"line":56,"column":null}},"type":"binary-expr","locations":[{"start":{"line":40,"column":7},"end":{"line":40,"column":null}},{"start":{"line":41,"column":8},"end":{"line":56,"column":null}}],"line":40},"8":{"loc":{"start":{"line":101,"column":13},"end":{"line":101,"column":null}},"type":"binary-expr","locations":[{"start":{"line":101,"column":13},"end":{"line":101,"column":48}},{"start":{"line":101,"column":52},"end":{"line":101,"column":null}}],"line":101}},"s":{"0":14,"1":14,"2":1,"3":13,"4":11,"5":2,"6":2,"7":1,"8":14,"9":14,"10":1,"11":13,"12":11,"13":2,"14":2,"15":1,"16":14,"17":1,"18":1,"19":1,"20":1,"21":1},"f":{"0":14,"1":14,"2":14,"3":1,"4":1,"5":1},"b":{"0":[1,13],"1":[11,2],"2":[1,1],"3":[1,13],"4":[11,2],"5":[1,1],"6":[1,13],"7":[14,1],"8":[14,1]},"meta":{"lastBranch":9,"lastFunction":6,"lastStatement":22,"seen":{"f:3:24:3:34":0,"s:4:8:8:Infinity":0,"f:4:8:4:24":1,"b:5:4:5:Infinity:undefined:undefined:undefined:undefined":0,"s:5:4:5:Infinity":1,"s:5:25:5:Infinity":2,"b:6:4:6:Infinity:undefined:undefined:undefined:undefined":1,"s:6:4:6:Infinity":3,"s:6:25:6:Infinity":4,"b:7:4:7:Infinity:undefined:undefined:undefined:undefined":2,"s:7:4:7:Infinity":5,"s:7:25:7:Infinity":6,"s:8:4:8:Infinity":7,"s:11:8:15:Infinity":8,"f:11:8:11:24":2,"b:12:4:12:Infinity:undefined:undefined:undefined:undefined":3,"s:12:4:12:Infinity":9,"s:12:25:12:Infinity":10,"b:13:4:13:Infinity:undefined:undefined:undefined:undefined":4,"s:13:4:13:Infinity":11,"s:13:25:13:Infinity":12,"b:14:4:14:Infinity:undefined:undefined:undefined:undefined":5,"s:14:4:14:Infinity":13,"s:14:25:14:Infinity":14,"s:15:4:15:Infinity":15,"s:18:2:112:Infinity":16,"f:21:6:21:21":3,"s:21:21:21:36":17,"b:27:29:27:51:27:51:27:Infinity":6,"f:31:6:31:21":4,"s:32:8:32:Infinity":18,"s:33:8:33:Infinity":19,"f:35:6:35:21":5,"s:36:8:36:Infinity":20,"s:37:8:37:Infinity":21,"b:40:7:40:Infinity:41:8:56:Infinity":7,"b:101:13:101:48:101:52:101:Infinity":8}}}
,"/Users/rishi/Hrishikesh Docs/Archive_documents/Independent study /motif-based-graph-compression/motif-react-app/src/components/common/MotifFilters.jsx": {"path":"/Users/rishi/Hrishikesh Docs/Archive_documents/Independent study /motif-based-graph-compression/motif-react-app/src/components/common/MotifFilters.jsx","statementMap":{"0":{"start":{"line":2,"column":2},"end":{"line":117,"column":null}},"1":{"start":{"line":24,"column":29},"end":{"line":24,"column":74}},"2":{"start":{"line":42,"column":29},"end":{"line":42,"column":104}},"3":{"start":{"line":53,"column":14},"end":{"line":53,"column":null}},"4":{"start":{"line":65,"column":29},"end":{"line":65,"column":69}},"5":{"start":{"line":94,"column":29},"end":{"line":94,"column":106}},"6":{"start":{"line":102,"column":29},"end":{"line":102,"column":106}}},"fnMap":{"0":{"name":"MotifFilters","decl":{"start":{"line":1,"column":24},"end":{"line":1,"column":37}},"loc":{"start":{"line":1,"column":85},"end":{"line":117,"column":null}},"line":1},"1":{"name":"(anonymous_1)","decl":{"start":{"line":24,"column":12},"end":{"line":24,"column":23}},"loc":{"start":{"line":24,"column":29},"end":{"line":24,"column":74}},"line":24},"2":{"name":"(anonymous_2)","decl":{"start":{"line":42,"column":12},"end":{"line":42,"column":23}},"loc":{"start":{"line":42,"column":29},"end":{"line":42,"column":104}},"line":42},"3":{"name":"(anonymous_3)","decl":{"start":{"line":52,"column":38},"end":{"line":52,"column":41}},"loc":{"start":{"line":53,"column":14},"end":{"line":53,"column":null}},"line":53},"4":{"name":"(anonymous_4)","decl":{"start":{"line":65,"column":12},"end":{"line":65,"column":23}},"loc":{"start":{"line":65,"column":29},"end":{"line":65,"column":69}},"line":65},"5":{"name":"(anonymous_5)","decl":{"start":{"line":94,"column":12},"end":{"line":94,"column":23}},"loc":{"start":{"line":94,"column":29},"end":{"line":94,"column":106}},"line":94},"6":{"name":"(anonymous_6)","decl":{"start":{"line":102,"column":12},"end":{"line":102,"column":23}},"loc":{"start":{"line":102,"column":29},"end":{"line":102,"column":106}},"line":102}},"branchMap":{"0":{"loc":{"start":{"line":41,"column":19},"end":{"line":41,"column":null}},"type":"binary-expr","locations":[{"start":{"line":41,"column":19},"end":{"line":41,"column":38}},{"start":{"line":41,"column":38},"end":{"line":41,"column":null}}],"line":41},"1":{"loc":{"start":{"line":42,"column":55},"end":{"line":42,"column":104}},"type":"cond-expr","locations":[{"start":{"line":42,"column":72},"end":{"line":42,"column":96}},{"start":{"line":42,"column":99},"end":{"line":42,"column":104}}],"line":42}},"s":{"0":12,"1":1,"2":1,"3":600,"4":1,"5":1,"6":0},"f":{"0":12,"1":1,"2":1,"3":600,"4":1,"5":1,"6":0},"b":{"0":[12,11],"1":[1,0]},"meta":{"lastBranch":2,"lastFunction":7,"lastStatement":7,"seen":{"f:1:24:1:37":0,"s:2:2:117:Infinity":0,"f:24:12:24:23":1,"s:24:29:24:74":1,"b:41:19:41:38:41:38:41:Infinity":0,"f:42:12:42:23":2,"s:42:29:42:104":2,"b:42:72:42:96:42:99:42:104":1,"f:52:38:52:41":3,"s:53:14:53:Infinity":3,"f:65:12:65:23":4,"s:65:29:65:69":4,"f:94:12:94:23":5,"s:94:29:94:106":5,"f:102:12:102:23":6,"s:102:29:102:106":6}}}
,"/Users/rishi/Hrishikesh Docs/Archive_documents/Independent study /motif-based-graph-compression/motif-react-app/src/components/common/StatCard.jsx": {"path":"/Users/rishi/Hrishikesh Docs/Archive_documents/Independent study /motif-based-graph-compression/motif-react-app/src/components/common/StatCard.jsx","statementMap":{"0":{"start":{"line":2,"column":2},"end":{"line":45,"column":null}},"1":{"start":{"line":13,"column":6},"end":{"line":13,"column":null}},"2":{"start":{"line":14,"column":6},"end":{"line":14,"column":null}},"3":{"start":{"line":17,"column":6},"end":{"line":17,"column":null}},"4":{"start":{"line":18,"column":6},"end":{"line":18,"column":null}}},"fnMap":{"0":{"name":"StatCard","decl":{"start":{"line":1,"column":24},"end":{"line":1,"column":33}},"loc":{"start":{"line":1,"column":78},"end":{"line":45,"column":null}},"line":1},"1":{"name":"(anonymous_1)","decl":{"start":{"line":12,"column":4},"end":{"line":12,"column":19}},"loc":{"start":{"line":12,"column":25},"end":{"line":14,"column":null}},"line":12},"2":{"name":"(anonymous_2)","decl":{"start":{"line":16,"column":4},"end":{"line":16,"column":19}},"loc":{"start":{"line":16,"column":25},"end":{"line":18,"column":null}},"line":16}},"branchMap":{"0":{"loc":{"start":{"line":4,"column":18},"end":{"line":4,"column":null}},"type":"cond-expr","locations":[{"start":{"line":4,"column":30},"end":{"line":4,"column":84}},{"start":{"line":4,"column":84},"end":{"line":4,"column":null}}],"line":4},"1":{"loc":{"start":{"line":5,"column":13},"end":{"line":5,"column":null}},"type":"cond-expr","locations":[{"start":{"line":5,"column":25},"end":{"line":5,"column":35}},{"start":{"line":5,"column":35},"end":{"line":5,"column":null}}],"line":5},"2":{"loc":{"start":{"line":25,"column":19},"end":{"line":25,"column":null}},"type":"cond-expr","locations":[{"start":{"line":25,"column":31},"end":{"line":25,"column":37}},{"start":{"line":25,"column":37},"end":{"line":25,"column":null}}],"line":25},"3":{"loc":{"start":{"line":35,"column":22},"end":{"line":35,"column":null}},"type":"cond-expr","locations":[{"start":{"line":35,"column":33},"end":{"line":35,"column":45}},{"start":{"line":35,"column":45},"end":{"line":35,"column":null}}],"line":35},"4":{"loc":{"start":{"line":39,"column":7},"end":{"line":45,"column":null}},"type":"binary-expr","locations":[{"start":{"line":39,"column":7},"end":{"line":39,"column":null}},{"start":{"line":40,"column":8},"end":{"line":45,"column":null}}],"line":39},"5":{"loc":{"start":{"line":42,"column":19},"end":{"line":42,"column":null}},"type":"cond-expr","locations":[{"start":{"line":42,"column":31},"end":{"line":42,"column":37}},{"start":{"line":42,"column":37},"end":{"line":42,"column":null}}],"line":42}},"s":{"0":8,"1":0,"2":0,"3":0,"4":0},"f":{"0":8,"1":0,"2":0},"b":{"0":[1,7],"1":[1,7],"2":[1,7],"3":[1,7],"4":[8,1],"5":[0,1]},"meta":{"lastBranch":6,"lastFunction":3,"lastStatement":5,"seen":{"f:1:24:1:33":0,"s:2:2:45:Infinity":0,"b:4:30:4:84:4:84:4:Infinity":0,"b:5:25:5:35:5:35:5:Infinity":1,"f:12:4:12:19":1,"s:13:6:13:Infinity":1,"s:14:6:14:Infinity":2,"f:16:4:16:19":2,"s:17:6:17:Infinity":3,"s:18:6:18:Infinity":4,"b:25:31:25:37:25:37:25:Infinity":2,"b:35:33:35:45:35:45:35:Infinity":3,"b:39:7:39:Infinity:40:8:45:Infinity":4,"b:42:31:42:37:42:37:42:Infinity":5}}}
,"/Users/rishi/Hrishikesh Docs/Archive_documents/Independent study /motif-based-graph-compression/motif-react-app/src/components/visualizations/MiniMST.jsx": {"path":"/Users/rishi/Hrishikesh Docs/Archive_documents/Independent study /motif-based-graph-compression/motif-react-app/src/components/visualizations/MiniMST.jsx","statementMap":{"0":{"start":{"line":5,"column":8},"end":{"line":5,"column":25}},"1":{"start":{"line":7,"column":2},"end":{"line":51,"column":null}},"2":{"start":{"line":8,"column":4},"end":{"line":8,"column":null}},"3":{"start":{"line":8,"column":30},"end":{"line":8,"column":null}},"4":{"start":{"line":10,"column":16},"end":{"line":10,"column":41}},"5":{"start":{"line":11,"column":4},"end":{"line":11,"column":null}},"6":{"start":{"line":13,"column":16},"end":{"line":13,"column":null}},"7":{"start":{"line":14,"column":18},"end":{"line":14,"column":47}},"8":{"start":{"line":14,"column":39},"end":{"line":14,"column":45}},"9":{"start":{"line":15,"column":18},"end":{"line":19,"column":7}},"10":{"start":{"line":15,"column":45},"end":{"line":19,"column":7}},"11":{"start":{"line":21,"column":23},"end":{"line":26,"column":13}},"12":{"start":{"line":22,"column":49},"end":{"line":22,"column":54}},"13":{"start":{"line":29,"column":4},"end":{"line":29,"column":null}},"14":{"start":{"line":29,"column":17},"end":{"line":29,"column":20}},"15":{"start":{"line":29,"column":34},"end":{"line":29,"column":null}},"16":{"start":{"line":32,"column":4},"end":{"line":40,"column":null}},"17":{"start":{"line":35,"column":23},"end":{"line":35,"column":34}},"18":{"start":{"line":36,"column":23},"end":{"line":36,"column":34}},"19":{"start":{"line":37,"column":23},"end":{"line":37,"column":34}},"20":{"start":{"line":38,"column":23},"end":{"line":38,"column":34}},"21":{"start":{"line":43,"column":4},"end":{"line":49,"column":null}},"22":{"start":{"line":46,"column":23},"end":{"line":46,"column":27}},"23":{"start":{"line":47,"column":23},"end":{"line":47,"column":27}},"24":{"start":{"line":48,"column":22},"end":{"line":48,"column":55}},"25":{"start":{"line":49,"column":25},"end":{"line":49,"column":74}},"26":{"start":{"line":53,"column":2},"end":{"line":59,"column":null}}},"fnMap":{"0":{"name":"MiniMST","decl":{"start":{"line":4,"column":24},"end":{"line":4,"column":32}},"loc":{"start":{"line":4,"column":70},"end":{"line":59,"column":null}},"line":4},"1":{"name":"(anonymous_1)","decl":{"start":{"line":7,"column":2},"end":{"line":7,"column":18}},"loc":{"start":{"line":7,"column":18},"end":{"line":51,"column":6}},"line":7},"2":{"name":"(anonymous_2)","decl":{"start":{"line":14,"column":28},"end":{"line":14,"column":32}},"loc":{"start":{"line":14,"column":39},"end":{"line":14,"column":45}},"line":14},"3":{"name":"(anonymous_3)","decl":{"start":{"line":15,"column":32},"end":{"line":15,"column":36}},"loc":{"start":{"line":15,"column":45},"end":{"line":19,"column":7}},"line":15},"4":{"name":"(anonymous_4)","decl":{"start":{"line":22,"column":41},"end":{"line":22,"column":44}},"loc":{"start":{"line":22,"column":49},"end":{"line":22,"column":54}},"line":22},"5":{"name":"(anonymous_5)","decl":{"start":{"line":35,"column":12},"end":{"line":35,"column":18}},"loc":{"start":{"line":35,"column":23},"end":{"line":35,"column":34}},"line":35},"6":{"name":"(anonymous_6)","decl":{"start":{"line":36,"column":12},"end":{"line":36,"column":18}},"loc":{"start":{"line":36,"column":23},"end":{"line":36,"column":34}},"line":36},"7":{"name":"(anonymous_7)","decl":{"start":{"line":37,"column":12},"end":{"line":37,"column":18}},"loc":{"start":{"line":37,"column":23},"end":{"line":37,"column":34}},"line":37},"8":{"name":"(anonymous_8)","decl":{"start":{"line":38,"column":12},"end":{"line":38,"column":18}},"loc":{"start":{"line":38,"column":23},"end":{"line":38,"column":34}},"line":38},"9":{"name":"(anonymous_9)","decl":{"start":{"line":46,"column":12},"end":{"line":46,"column":18}},"loc":{"start":{"line":46,"column":23},"end":{"line":46,"column":27}},"line":46},"10":{"name":"(anonymous_10)","decl":{"start":{"line":47,"column":12},"end":{"line":47,"column":18}},"loc":{"start":{"line":47,"column":23},"end":{"line":47,"column":27}},"line":47},"11":{"name":"(anonymous_11)","decl":{"start":{"line":48,"column":12},"end":{"line":48,"column":17}},"loc":{"start":{"line":48,"column":22},"end":{"line":48,"column":55}},"line":48},"12":{"name":"(anonymous_12)","decl":{"start":{"line":49,"column":12},"end":{"line":49,"column":20}},"loc":{"start":{"line":49,"column":25},"end":{"line":49,"column":74}},"line":49}},"branchMap":{"0":{"loc":{"start":{"line":4,"column":41},"end":{"line":4,"column":54}},"type":"default-arg","locations":[{"start":{"line":4,"column":49},"end":{"line":4,"column":54}}],"line":4},"1":{"loc":{"start":{"line":4,"column":54},"end":{"line":4,"column":70}},"type":"default-arg","locations":[{"start":{"line":4,"column":63},"end":{"line":4,"column":70}}],"line":4},"2":{"loc":{"start":{"line":8,"column":4},"end":{"line":8,"column":null}},"type":"if","locations":[{"start":{"line":8,"column":4},"end":{"line":8,"column":null}},{"start":{},"end":{}}],"line":8},"3":{"loc":{"start":{"line":8,"column":8},"end":{"line":8,"column":30}},"type":"binary-expr","locations":[{"start":{"line":8,"column":8},"end":{"line":8,"column":18}},{"start":{"line":8,"column":18},"end":{"line":8,"column":30}}],"line":8},"4":{"loc":{"start":{"line":48,"column":22},"end":{"line":48,"column":55}},"type":"cond-expr","locations":[{"start":{"line":48,"column":49},"end":{"line":48,"column":53}},{"start":{"line":48,"column":53},"end":{"line":48,"column":55}}],"line":48},"5":{"loc":{"start":{"line":49,"column":25},"end":{"line":49,"column":74}},"type":"cond-expr","locations":[{"start":{"line":49,"column":52},"end":{"line":49,"column":64}},{"start":{"line":49,"column":64},"end":{"line":49,"column":74}}],"line":49}},"s":{"0":14,"1":14,"2":14,"3":1,"4":13,"5":13,"6":13,"7":13,"8":65,"9":13,"10":52,"11":13,"12":65,"13":13,"14":13,"15":1300,"16":13,"17":52,"18":52,"19":52,"20":52,"21":13,"22":65,"23":65,"24":65,"25":65,"26":14},"f":{"0":14,"1":14,"2":65,"3":52,"4":65,"5":52,"6":52,"7":52,"8":52,"9":65,"10":65,"11":65,"12":65},"b":{"0":[14],"1":[14],"2":[1,13],"3":[14,14],"4":[0,65],"5":[0,65]},"meta":{"lastBranch":6,"lastFunction":13,"lastStatement":27,"seen":{"f:4:24:4:32":0,"b:4:49:4:54":0,"b:4:63:4:70":1,"s:5:8:5:25":0,"s:7:2:51:Infinity":1,"f:7:2:7:18":1,"b:8:4:8:Infinity:undefined:undefined:undefined:undefined":2,"s:8:4:8:Infinity":2,"b:8:8:8:18:8:18:8:30":3,"s:8:30:8:Infinity":3,"s:10:16:10:41":4,"s:11:4:11:Infinity":5,"s:13:16:13:Infinity":6,"s:14:18:14:47":7,"f:14:28:14:32":2,"s:14:39:14:45":8,"s:15:18:19:7":9,"f:15:32:15:36":3,"s:15:45:19:7":10,"s:21:23:26:13":11,"f:22:41:22:44":4,"s:22:49:22:54":12,"s:29:4:29:Infinity":13,"s:29:17:29:20":14,"s:29:34:29:Infinity":15,"s:32:4:40:Infinity":16,"f:35:12:35:18":5,"s:35:23:35:34":17,"f:36:12:36:18":6,"s:36:23:36:34":18,"f:37:12:37:18":7,"s:37:23:37:34":19,"f:38:12:38:18":8,"s:38:23:38:34":20,"s:43:4:49:Infinity":21,"f:46:12:46:18":9,"s:46:23:46:27":22,"f:47:12:47:18":10,"s:47:23:47:27":23,"f:48:12:48:17":11,"s:48:22:48:55":24,"b:48:49:48:53:48:53:48:55":4,"f:49:12:49:20":12,"s:49:25:49:74":25,"b:49:52:49:64:49:64:49:74":5,"s:53:2:59:Infinity":26}}}
,"/Users/rishi/Hrishikesh Docs/Archive_documents/Independent study /motif-based-graph-compression/motif-react-app/src/hooks/useCollapse.js": {"path":"/Users/rishi/Hrishikesh Docs/Archive_documents/Independent study /motif-based-graph-compression/motif-react-app/src/hooks/useCollapse.js","statementMap":{"0":{"start":{"line":18,"column":27},"end":{"line":21,"column":null}},"1":{"start":{"line":23,"column":25},"end":{"line":87,"column":null}},"2":{"start":{"line":24,"column":4},"end":{"line":24,"column":null}},"3":{"start":{"line":24,"column":20},"end":{"line":24,"column":null}},"4":{"start":{"line":26,"column":4},"end":{"line":86,"column":null}},"5":{"start":{"line":27,"column":33},"end":{"line":27,"column":null}},"6":{"start":{"line":28,"column":32},"end":{"line":28,"column":null}},"7":{"start":{"line":30,"column":6},"end":{"line":30,"column":null}},"8":{"start":{"line":31,"column":6},"end":{"line":31,"column":null}},"9":{"start":{"line":33,"column":6},"end":{"line":78,"column":null}},"10":{"start":{"line":34,"column":20},"end":{"line":34,"column":null}},"11":{"start":{"line":35,"column":8},"end":{"line":35,"column":null}},"12":{"start":{"line":35,"column":18},"end":{"line":35,"column":null}},"13":{"start":{"line":37,"column":27},"end":{"line":37,"column":null}},"14":{"start":{"line":38,"column":27},"end":{"line":38,"column":null}},"15":{"start":{"line":40,"column":8},"end":{"line":40,"column":null}},"16":{"start":{"line":45,"column":8},"end":{"line":50,"column":null}},"17":{"start":{"line":46,"column":32},"end":{"line":46,"column":null}},"18":{"start":{"line":48,"column":10},"end":{"line":48,"column":null}},"19":{"start":{"line":49,"column":10},"end":{"line":49,"column":null}},"20":{"start":{"line":55,"column":8},"end":{"line":55,"column":null}},"21":{"start":{"line":57,"column":27},"end":{"line":57,"column":null}},"22":{"start":{"line":58,"column":27},"end":{"line":58,"column":null}},"23":{"start":{"line":60,"column":8},"end":{"line":75,"column":null}},"24":{"start":{"line":61,"column":10},"end":{"line":74,"column":null}},"25":{"start":{"line":63,"column":12},"end":{"line":63,"column":null}},"26":{"start":{"line":64,"column":12},"end":{"line":64,"column":null}},"27":{"start":{"line":67,"column":12},"end":{"line":73,"column":null}},"28":{"start":{"line":68,"column":14},"end":{"line":68,"column":null}},"29":{"start":{"line":69,"column":14},"end":{"line":69,"column":null}},"30":{"start":{"line":72,"column":14},"end":{"line":72,"column":null}},"31":{"start":{"line":77,"column":8},"end":{"line":77,"column":null}},"32":{"start":{"line":80,"column":6},"end":{"line":80,"column":null}},"33":{"start":{"line":82,"column":6},"end":{"line":85,"column":null}},"34":{"start":{"line":89,"column":21},"end":{"line":140,"column":null}},"35":{"start":{"line":90,"column":4},"end":{"line":90,"column":null}},"36":{"start":{"line":90,"column":20},"end":{"line":90,"column":null}},"37":{"start":{"line":92,"column":4},"end":{"line":139,"column":null}},"38":{"start":{"line":93,"column":33},"end":{"line":93,"column":null}},"39":{"start":{"line":94,"column":32},"end":{"line":94,"column":null}},"40":{"start":{"line":97,"column":6},"end":{"line":97,"column":null}},"41":{"start":{"line":99,"column":18},"end":{"line":99,"column":null}},"42":{"start":{"line":100,"column":6},"end":{"line":133,"column":null}},"43":{"start":{"line":101,"column":24},"end":{"line":101,"column":null}},"44":{"start":{"line":102,"column":28},"end":{"line":102,"column":null}},"45":{"start":{"line":103,"column":29},"end":{"line":103,"column":null}},"46":{"start":{"line":108,"column":8},"end":{"line":113,"column":null}},"47":{"start":{"line":109,"column":10},"end":{"line":112,"column":null}},"48":{"start":{"line":110,"column":12},"end":{"line":110,"column":null}},"49":{"start":{"line":111,"column":12},"end":{"line":111,"column":null}},"50":{"start":{"line":119,"column":8},"end":{"line":130,"column":null}},"51":{"start":{"line":120,"column":24},"end":{"line":120,"column":null}},"52":{"start":{"line":121,"column":10},"end":{"line":129,"column":null}},"53":{"start":{"line":122,"column":29},"end":{"line":122,"column":null}},"54":{"start":{"line":124,"column":12},"end":{"line":128,"column":null}},"55":{"start":{"line":125,"column":14},"end":{"line":125,"column":null}},"56":{"start":{"line":126,"column":14},"end":{"line":126,"column":null}},"57":{"start":{"line":127,"column":14},"end":{"line":127,"column":null}},"58":{"start":{"line":132,"column":8},"end":{"line":132,"column":null}},"59":{"start":{"line":135,"column":6},"end":{"line":138,"column":null}},"60":{"start":{"line":142,"column":15},"end":{"line":147,"column":null}},"61":{"start":{"line":143,"column":4},"end":{"line":146,"column":null}},"62":{"start":{"line":150,"column":27},"end":{"line":152,"column":null}},"63":{"start":{"line":151,"column":4},"end":{"line":151,"column":null}},"64":{"start":{"line":154,"column":2},"end":{"line":161,"column":null}}},"fnMap":{"0":{"name":"useCollapse","decl":{"start":{"line":17,"column":16},"end":{"line":17,"column":27}},"loc":{"start":{"line":17,"column":39},"end":{"line":162,"column":null}},"line":17},"1":{"name":"(anonymous_1)","decl":{"start":{"line":23,"column":38},"end":{"line":23,"column":39}},"loc":{"start":{"line":23,"column":57},"end":{"line":87,"column":3}},"line":23},"2":{"name":"(anonymous_2)","decl":{"start":{"line":26,"column":13},"end":{"line":26,"column":22}},"loc":{"start":{"line":26,"column":26},"end":{"line":86,"column":5}},"line":26},"3":{"name":"(anonymous_3)","decl":{"start":{"line":33,"column":28},"end":{"line":33,"column":29}},"loc":{"start":{"line":33,"column":41},"end":{"line":78,"column":7}},"line":33},"4":{"name":"(anonymous_4)","decl":{"start":{"line":60,"column":27},"end":{"line":60,"column":31}},"loc":{"start":{"line":60,"column":35},"end":{"line":75,"column":9}},"line":60},"5":{"name":"(anonymous_5)","decl":{"start":{"line":89,"column":34},"end":{"line":89,"column":35}},"loc":{"start":{"line":89,"column":47},"end":{"line":140,"column":3}},"line":89},"6":{"name":"(anonymous_6)","decl":{"start":{"line":92,"column":13},"end":{"line":92,"column":22}},"loc":{"start":{"line":92,"column":26},"end":{"line":139,"column":5}},"line":92},"7":{"name":"(anonymous_7)","decl":{"start":{"line":108,"column":24},"end":{"line":108,"column":28}},"loc":{"start":{"line":108,"column":32},"end":{"line":113,"column":9}},"line":108},"8":{"name":"(anonymous_8)","decl":{"start":{"line":119,"column":24},"end":{"line":119,"column":28}},"loc":{"start":{"line":119,"column":32},"end":{"line":130,"column":9}},"line":119},"9":{"name":"(anonymous_9)","decl":{"start":{"line":142,"column":28},"end":{"line":142,"column":29}},"loc":{"start":{"line":142,"column":34},"end":{"line":147,"column":3}},"line":142},"10":{"name":"(anonymous_10)","decl":{"start":{"line":150,"column":40},"end":{"line":150,"column":41}},"loc":{"start":{"line":150,"column":46},"end":{"line":152,"column":3}},"line":150}},"branchMap":{"0":{"loc":{"start":{"line":24,"column":4},"end":{"line":24,"column":null}},"type":"if","locations":[{"start":{"line":24,"column":4},"end":{"line":24,"column":null}},{"start":{},"end":{}}],"line":24},"1":{"loc":{"start":{"line":35,"column":8},"end":{"line":35,"column":null}},"type":"if","locations":[{"start":{"line":35,"column":8},"end":{"line":35,"column":null}},{"start":{},"end":{}}],"line":35},"2":{"loc":{"start":{"line":45,"column":8},"end":{"line":50,"column":null}},"type":"if","locations":[{"start":{"line":45,"column":8},"end":{"line":50,"column":null}},{"start":{},"end":{}}],"line":45},"3":{"loc":{"start":{"line":61,"column":10},"end":{"line":74,"column":null}},"type":"if","locations":[{"start":{"line":61,"column":10},"end":{"line":74,"column":null}},{"start":{"line":65,"column":17},"end":{"line":74,"column":null}}],"line":61},"4":{"loc":{"start":{"line":67,"column":12},"end":{"line":73,"column":null}},"type":"if","locations":[{"start":{"line":67,"column":12},"end":{"line":73,"column":null}},{"start":{"line":70,"column":19},"end":{"line":73,"column":null}}],"line":67},"5":{"loc":{"start":{"line":90,"column":4},"end":{"line":90,"column":null}},"type":"if","locations":[{"start":{"line":90,"column":4},"end":{"line":90,"column":null}},{"start":{},"end":{}}],"line":90},"6":{"loc":{"start":{"line":100,"column":6},"end":{"line":133,"column":null}},"type":"if","locations":[{"start":{"line":100,"column":6},"end":{"line":133,"column":null}},{"start":{},"end":{}}],"line":100},"7":{"loc":{"start":{"line":109,"column":10},"end":{"line":112,"column":null}},"type":"if","locations":[{"start":{"line":109,"column":10},"end":{"line":112,"column":null}},{"start":{},"end":{}}],"line":109},"8":{"loc":{"start":{"line":121,"column":10},"end":{"line":129,"column":null}},"type":"if","locations":[{"start":{"line":121,"column":10},"end":{"line":129,"column":null}},{"start":{},"end":{}}],"line":121},"9":{"loc":{"start":{"line":121,"column":14},"end":{"line":121,"column":40}},"type":"binary-expr","locations":[{"start":{"line":121,"column":14},"end":{"line":121,"column":19}},{"start":{"line":121,"column":23},"end":{"line":121,"column":40}}],"line":121},"10":{"loc":{"start":{"line":124,"column":12},"end":{"line":128,"column":null}},"type":"if","locations":[{"start":{"line":124,"column":12},"end":{"line":128,"column":null}},{"start":{},"end":{}}],"line":124},"11":{"loc":{"start":{"line":124,"column":16},"end":{"line":124,"column":57}},"type":"binary-expr","locations":[{"start":{"line":124,"column":16},"end":{"line":124,"column":24}},{"start":{"line":124,"column":28},"end":{"line":124,"column":57}}],"line":124}},"s":{"0":37,"1":37,"2":16,"3":2,"4":14,"5":14,"6":14,"7":14,"8":14,"9":14,"10":18,"11":18,"12":1,"13":17,"14":17,"15":17,"16":17,"17":6,"18":6,"19":6,"20":17,"21":17,"22":17,"23":17,"24":54,"25":17,"26":17,"27":37,"28":31,"29":31,"30":6,"31":17,"32":14,"33":14,"34":37,"35":6,"36":1,"37":5,"38":5,"39":5,"40":5,"41":5,"42":5,"43":4,"44":4,"45":4,"46":4,"47":12,"48":8,"49":8,"50":4,"51":12,"52":12,"53":1,"54":1,"55":0,"56":0,"57":0,"58":4,"59":5,"60":37,"61":1,"62":37,"63":37,"64":37},"f":{"0":37,"1":16,"2":14,"3":18,"4":54,"5":6,"6":5,"7":12,"8":12,"9":1,"10":37},"b":{"0":[2,14],"1":[1,17],"2":[6,11],"3":[17,37],"4":[31,6],"5":[1,5],"6":[4,1],"7":[8,4],"8":[1,11],"9":[12,1],"10":[0,1],"11":[1,1]},"meta":{"lastBranch":12,"lastFunction":11,"lastStatement":65,"seen":{"f:17:16:17:27":0,"s:18:27:21:Infinity":0,"s:23:25:87:Infinity":1,"f:23:38:23:39":1,"b:24:4:24:Infinity:undefined:undefined:undefined:undefined":0,"s:24:4:24:Infinity":2,"s:24:20:24:Infinity":3,"s:26:4:86:Infinity":4,"f:26:13:26:22":2,"s:27:33:27:Infinity":5,"s:28:32:28:Infinity":6,"s:30:6:30:Infinity":7,"s:31:6:31:Infinity":8,"s:33:6:78:Infinity":9,"f:33:28:33:29":3,"s:34:20:34:Infinity":10,"b:35:8:35:Infinity:undefined:undefined:undefined:undefined":1,"s:35:8:35:Infinity":11,"s:35:18:35:Infinity":12,"s:37:27:37:Infinity":13,"s:38:27:38:Infinity":14,"s:40:8:40:Infinity":15,"b:45:8:50:Infinity:undefined:undefined:undefined:undefined":2,"s:45:8:50:Infinity":16,"s:46:32:46:Infinity":17,"s:48:10:48:Infinity":18,"s:49:10:49:Infinity":19,"s:55:8:55:Infinity":20,"s:57:27:57:Infinity":21,"s:58:27:58:Infinity":22,"s:60:8:75:Infinity":23,"f:60:27:60:31":4,"b:61:10:74:Infinity:65:17:74:Infinity":3,"s:61:10:74:Infinity":24,"s:63:12:63:Infinity":25,"s:64:12:64:Infinity":26,"b:67:12:73:Infinity:70:19:73:Infinity":4,"s:67:12:73:Infinity":27,"s:68:14:68:Infinity":28,"s:69:14:69:Infinity":29,"s:72:14:72:Infinity":30,"s:77:8:77:Infinity":31,"s:80:6:80:Infinity":32,"s:82:6:85:Infinity":33,"s:89:21:140:Infinity":34,"f:89:34:89:35":5,"b:90:4:90:Infinity:undefined:undefined:undefined:undefined":5,"s:90:4:90:Infinity":35,"s:90:20:90:Infinity":36,"s:92:4:139:Infinity":37,"f:92:13:92:22":6,"s:93:33:93:Infinity":38,"s:94:32:94:Infinity":39,"s:97:6:97:Infinity":40,"s:99:18:99:Infinity":41,"b:100:6:133:Infinity:undefined:undefined:undefined:undefined":6,"s:100:6:133:Infinity":42,"s:101:24:101:Infinity":43,"s:102:28:102:Infinity":44,"s:103:29:103:Infinity":45,"s:108:8:113:Infinity":46,"f:108:24:108:28":7,"b:109:10:112:Infinity:undefined:undefined:undefined:undefined":7,"s:109:10:112:Infinity":47,"s:110:12:110:Infinity":48,"s:111:12:111:Infinity":49,"s:119:8:130:Infinity":50,"f:119:24:119:28":8,"s:120:24:120:Infinity":51,"b:121:10:129:Infinity:undefined:undefined:undefined:undefined":8,"s:121:10:129:Infinity":52,"b:121:14:121:19:121:23:121:40":9,"s:122:29:122:Infinity":53,"b:124:12:128:Infinity:undefined:undefined:undefined:undefined":10,"s:124:12:128:Infinity":54,"b:124:16:124:24:124:28:124:57":11,"s:125:14:125:Infinity":55,"s:126:14:126:Infinity":56,"s:127:14:127:Infinity":57,"s:132:8:132:Infinity":58,"s:135:6:138:Infinity":59,"s:142:15:147:Infinity":60,"f:142:28:142:29":9,"s:143:4:146:Infinity":61,"s:150:27:152:Infinity":62,"f:150:40:150:41":10,"s:151:4:151:Infinity":63,"s:154:2:161:Infinity":64}}}
,"/Users/rishi/Hrishikesh Docs/Archive_documents/Independent study /motif-based-graph-compression/motif-react-app/src/pages/DataPipeline.jsx": {"path":"/Users/rishi/Hrishikesh Docs/Archive_documents/Independent study /motif-based-graph-compression/motif-react-app/src/pages/DataPipeline.jsx","statementMap":{"0":{"start":{"line":2,"column":16},"end":{"line":9,"column":null}},"1":{"start":{"line":11,"column":2},"end":{"line":53,"column":null}},"2":{"start":{"line":20,"column":10},"end":{"line":51,"column":null}}},"fnMap":{"0":{"name":"DataPipeline","decl":{"start":{"line":1,"column":24},"end":{"line":1,"column":39}},"loc":{"start":{"line":1,"column":39},"end":{"line":53,"column":null}},"line":1},"1":{"name":"(anonymous_1)","decl":{"start":{"line":19,"column":15},"end":{"line":19,"column":20}},"loc":{"start":{"line":20,"column":10},"end":{"line":51,"column":null}},"line":20}},"branchMap":{},"s":{"0":7,"1":7,"2":42},"f":{"0":7,"1":42},"b":{},"meta":{"lastBranch":0,"lastFunction":2,"lastStatement":3,"seen":{"f:1:24:1:39":0,"s:2:16:9:Infinity":0,"s:11:2:53:Infinity":1,"f:19:15:19:20":1,"s:20:10:51:Infinity":2}}}
,"/Users/rishi/Hrishikesh Docs/Archive_documents/Independent study /motif-based-graph-compression/motif-react-app/src/pages/Home.jsx": {"path":"/Users/rishi/Hrishikesh Docs/Archive_documents/Independent study /motif-based-graph-compression/motif-react-app/src/pages/Home.jsx","statementMap":{"0":{"start":{"line":4,"column":2},"end":{"line":37,"column":null}}},"fnMap":{"0":{"name":"Home","decl":{"start":{"line":3,"column":24},"end":{"line":3,"column":31}},"loc":{"start":{"line":3,"column":31},"end":{"line":37,"column":null}},"line":3}},"branchMap":{},"s":{"0":7},"f":{"0":7},"b":{},"meta":{"lastBranch":0,"lastFunction":1,"lastStatement":1,"seen":{"f:3:24:3:31":0,"s:4:2:37:Infinity":0}}}
,"/Users/rishi/Hrishikesh Docs/Archive_documents/Independent study /motif-based-graph-compression/motif-react-app/src/test/mockData.js": {"path":"/Users/rishi/Hrishikesh Docs/Archive_documents/Independent study /motif-based-graph-compression/motif-react-app/src/test/mockData.js","statementMap":{"0":{"start":{"line":6,"column":29},"end":{"line":21,"column":null}},"1":{"start":{"line":24,"column":30},"end":{"line":29,"column":null}},"2":{"start":{"line":32,"column":30},"end":{"line":58,"column":null}},"3":{"start":{"line":61,"column":28},"end":{"line":80,"column":null}},"4":{"start":{"line":83,"column":32},"end":{"line":96,"column":null}},"5":{"start":{"line":99,"column":40},"end":{"line":115,"column":null}}},"fnMap":{},"branchMap":{},"s":{"0":1,"1":1,"2":1,"3":1,"4":1,"5":1},"f":{},"b":{},"meta":{"lastBranch":0,"lastFunction":0,"lastStatement":6,"seen":{"s:6:29:21:Infinity":0,"s:24:30:29:Infinity":1,"s:32:30:58:Infinity":2,"s:61:28:80:Infinity":3,"s:83:32:96:Infinity":4,"s:99:40:115:Infinity":5}}}
}
